
> minimal-blog@0.1.0 dev
> next dev --turbopack

   ▲ Next.js 15.4.1 (Turbopack)
   - Local:        http://localhost:3000
   - Network:      http://192.168.50.206:3000
   - Environments: .env.local

 ✓ Starting...
 ✓ Ready in 893ms
 ○ Compiling /admin ...
 ✓ Compiled /admin in 3.7s
 GET /admin 200 in 3942ms
 ✓ Compiled /admin/new in 429ms
 GET /admin/new 200 in 521ms
 ✓ Compiled /favicon.ico in 331ms
 GET /favicon.ico?favicon.18fbc6a8.ico 200 in 609ms
 GET /admin 200 in 69ms
 ✓ Compiled /api/posts in 188ms
 GET /api/posts 200 in 234ms
 GET /admin/new 200 in 58ms
 GET /admin/new 200 in 103ms
 GET /favicon.ico?favicon.18fbc6a8.ico 200 in 245ms
 GET /admin/new 200 in 157ms
 GET /favicon.ico?favicon.18fbc6a8.ico 200 in 247ms
 ✓ Compiled in 93ms
 GET /admin 200 in 69ms
 GET /api/posts 200 in 27ms
 ✓ Compiled /api/deploy in 96ms
